c:\users\erik\develop\host\projects\unsaintedcontrols\x64\debug\unsaintedcontrols.pch
c:\users\erik\develop\host\projects\unsaintedcontrols\x64\debug\vc143.pdb
c:\users\erik\develop\host\projects\unsaintedcontrols\x64\debug\pch.obj
c:\users\erik\develop\host\projects\unsaintedcontrols\x64\debug\unsaintedcontrols.obj
c:\users\erik\develop\host\projects\unsaintedcontrols\x64\debug\textminieditor.obj
c:\users\erik\develop\host\projects\unsaintedcontrols\x64\debug\assemblyinfo.obj
c:\users\erik\develop\host\projects\unsaintedcontrols\x64\debug\addcolumnusercontrol.obj
c:\users\erik\develop\host\projects\unsaintedcontrols\x64\debug\.netframework,version=v4.8.assemblyattributes.obj
c:\users\erik\develop\host\projects\unsaintedcontrols\x64\debug\buttonpanelusercontrol.obj
c:\users\erik\develop\host\projects\threadingtest\x64\debug\devexpress.data.desktop.v24.1.dll
c:\users\erik\develop\host\projects\threadingtest\x64\debug\devexpress.data.v24.1.dll
c:\users\erik\develop\host\projects\threadingtest\x64\debug\devexpress.drawing.v24.1.dll
c:\users\erik\develop\host\projects\threadingtest\x64\debug\devexpress.printing.v24.1.core.dll
c:\users\erik\develop\host\projects\threadingtest\x64\debug\devexpress.utils.v24.1.dll
c:\users\erik\develop\host\projects\threadingtest\x64\debug\devexpress.pdf.v24.1.core.dll
c:\users\erik\develop\host\projects\threadingtest\x64\debug\devexpress.pdf.v24.1.drawing.dll
c:\users\erik\develop\host\projects\threadingtest\x64\debug\devexpress.data.desktop.v24.1.xml
c:\users\erik\develop\host\projects\threadingtest\x64\debug\devexpress.data.v24.1.xml
c:\users\erik\develop\host\projects\threadingtest\x64\debug\devexpress.drawing.v24.1.xml
c:\users\erik\develop\host\projects\threadingtest\x64\debug\devexpress.printing.v24.1.core.xml
c:\users\erik\develop\host\projects\threadingtest\x64\debug\devexpress.utils.v24.1.xml
c:\users\erik\develop\host\projects\threadingtest\x64\debug\devexpress.pdf.v24.1.core.xml
c:\users\erik\develop\host\projects\threadingtest\x64\debug\devexpress.pdf.v24.1.drawing.xml
c:\users\erik\develop\host\projects\unsaintedwinapp\x64\debug\unsaintedcontrols.dll
c:\users\erik\develop\host\projects\unsaintedwinapp\x64\debug\unsaintedcontrols.pdb
c:\users\erik\develop\host\projects\threadingtest\x64\debug\unsaintedcontrols.dll
c:\users\erik\develop\host\projects\threadingtest\x64\debug\unsaintedcontrols.pdb
c:\users\erik\develop\host\projects\unsaintedcontrols\x64\debug\unsainte.8579d5b2.tlog\metagen.write.1.tlog
c:\users\erik\develop\host\projects\unsaintedcontrols\x64\debug\app.res
c:\users\erik\develop\host\projects\unsaintedcontrols\x64\debug\buttonwithbuttonsusercontrol.obj
c:\users\erik\develop\host\projects\unsaintedcontrols\x64\debug\unsainte.8579d5b2.tlog\cl.command.1.tlog
c:\users\erik\develop\host\projects\unsaintedcontrols\x64\debug\unsainte.8579d5b2.tlog\cl.items.tlog
c:\users\erik\develop\host\projects\unsaintedcontrols\x64\debug\unsainte.8579d5b2.tlog\cl.read.1.tlog
c:\users\erik\develop\host\projects\unsaintedcontrols\x64\debug\unsainte.8579d5b2.tlog\cl.write.1.tlog
c:\users\erik\develop\host\projects\unsaintedcontrols\x64\debug\unsainte.8579d5b2.tlog\copylocal.read.1u.tlog
c:\users\erik\develop\host\projects\unsaintedcontrols\x64\debug\unsainte.8579d5b2.tlog\copylocal.write.1u.tlog
c:\users\erik\develop\host\projects\unsaintedcontrols\x64\debug\unsainte.8579d5b2.tlog\link.command.1.tlog
c:\users\erik\develop\host\projects\unsaintedcontrols\x64\debug\unsainte.8579d5b2.tlog\link.read.1.tlog
c:\users\erik\develop\host\projects\unsaintedcontrols\x64\debug\unsainte.8579d5b2.tlog\link.write.1.tlog
c:\users\erik\develop\host\projects\unsaintedcontrols\x64\debug\unsainte.8579d5b2.tlog\metagen.read.1.tlog
c:\users\erik\develop\host\projects\unsaintedcontrols\x64\debug\unsainte.8579d5b2.tlog\rc.command.1.tlog
c:\users\erik\develop\host\projects\unsaintedcontrols\x64\debug\unsainte.8579d5b2.tlog\rc.read.1.tlog
c:\users\erik\develop\host\projects\unsaintedcontrols\x64\debug\unsainte.8579d5b2.tlog\rc.write.1.tlog
c:\users\erik\develop\host\projects\unsaintedcontrols\x64\debug\unsainte.8579d5b2.tlog\resgen.command.1.tlog
c:\users\erik\develop\host\projects\unsaintedcontrols\x64\debug\unsainte.8579d5b2.tlog\resgen.read.1.tlog
c:\users\erik\develop\host\projects\unsaintedcontrols\x64\debug\unsainte.8579d5b2.tlog\resgen.write.1.tlog
c:\users\erik\develop\host\projects\unsaintedcontrols\x64\debug\unsainte.8579d5b2.tlog\devexpress.data.desktop.v24.1.dll.metagen
c:\users\erik\develop\host\projects\unsaintedcontrols\x64\debug\unsainte.8579d5b2.tlog\devexpress.data.v24.1.dll.metagen
c:\users\erik\develop\host\projects\unsaintedcontrols\x64\debug\unsainte.8579d5b2.tlog\devexpress.drawing.v24.1.dll.metagen
c:\users\erik\develop\host\projects\unsaintedcontrols\x64\debug\unsainte.8579d5b2.tlog\devexpress.printing.v24.1.core.dll.metagen
c:\users\erik\develop\host\projects\unsaintedcontrols\x64\debug\unsainte.8579d5b2.tlog\devexpress.utils.v24.1.dll.metagen
